android/app/build/intermediates/manifest_merge_blame_file/debug/manifest-merger-blame-debug-report.txt
1<?xml version="1.0" encoding="utf-8"?>
2<manifest xmlns:android="http://schemas.android.com/apk/res/android"
3    package="com.ecommerce"
4    android:versionCode="1"
5    android:versionName="1.0" >
6
7    <uses-sdk
8        android:minSdkVersion="21"
9        android:targetSdkVersion="29" />
10
11    <uses-permission android:name="android.permission.SYSTEM_ALERT_WINDOW" />
11-->src\main\AndroidManifest.xml:7:5-77
11-->src\main\AndroidManifest.xml:7:22-75
12    <uses-permission android:name="android.permission.INTERNET" />
12-->src\main\AndroidManifest.xml:6:5-67
12-->src\main\AndroidManifest.xml:6:22-64
13    <uses-permission android:name="android.permission.VIBRATE" />
13-->src\main\AndroidManifest.xml:9:5-66
13-->src\main\AndroidManifest.xml:9:22-63
14    <uses-permission android:name="android.permission.RECEIVE_BOOT_COMPLETED" />
14-->src\main\AndroidManifest.xml:10:5-80
14-->src\main\AndroidManifest.xml:10:22-78
15    <uses-permission android:name="android.permission.ACCESS_WIFI_STATE" />
15-->[com.facebook.flipper:flipper:0.75.1] AndroidManifest.xml:16:5-76
15-->[com.facebook.flipper:flipper:0.75.1] AndroidManifest.xml:16:22-73
16    <uses-permission android:name="android.permission.ACCESS_NETWORK_STATE" />
16-->[com.google.firebase:firebase-messaging:21.1.0] AndroidManifest.xml:22:5-79
16-->[com.google.firebase:firebase-messaging:21.1.0] AndroidManifest.xml:22:22-76
17    <uses-permission android:name="android.permission.WAKE_LOCK" /> <!-- Required by older versions of Google Play services to create IID tokens -->
17-->[com.google.firebase:firebase-messaging:21.1.0] AndroidManifest.xml:23:5-68
17-->[com.google.firebase:firebase-messaging:21.1.0] AndroidManifest.xml:23:22-65
18    <uses-permission android:name="com.google.android.c2dm.permission.RECEIVE" />
18-->[com.google.firebase:firebase-messaging:21.1.0] AndroidManifest.xml:25:5-82
18-->[com.google.firebase:firebase-messaging:21.1.0] AndroidManifest.xml:25:22-79
19    <uses-permission android:name="com.google.android.finsky.permission.BIND_GET_INSTALL_REFERRER_SERVICE" /> <!-- for android -->
19-->[com.google.android.gms:play-services-measurement:17.3.0] AndroidManifest.xml:26:5-110
19-->[com.google.android.gms:play-services-measurement:17.3.0] AndroidManifest.xml:26:22-107
20    <!-- <uses-permission android:name="com.android.launcher.permission.READ_SETTINGS"/> -->
21    <!-- <uses-permission android:name="com.android.launcher.permission.WRITE_SETTINGS"/> -->
22    <!-- <uses-permission android:name="com.android.launcher.permission.INSTALL_SHORTCUT" /> -->
23    <!-- <uses-permission android:name="com.android.launcher.permission.UNINSTALL_SHORTCUT" /> -->
24    <!-- for Samsung -->
25    <uses-permission android:name="com.sec.android.provider.badge.permission.READ" />
25-->[me.leolin:ShortcutBadger:1.1.22] AndroidManifest.xml:19:5-86
25-->[me.leolin:ShortcutBadger:1.1.22] AndroidManifest.xml:19:22-83
26    <uses-permission android:name="com.sec.android.provider.badge.permission.WRITE" /> <!-- for htc -->
26-->[me.leolin:ShortcutBadger:1.1.22] AndroidManifest.xml:20:5-87
26-->[me.leolin:ShortcutBadger:1.1.22] AndroidManifest.xml:20:22-84
27    <uses-permission android:name="com.htc.launcher.permission.READ_SETTINGS" />
27-->[me.leolin:ShortcutBadger:1.1.22] AndroidManifest.xml:23:5-81
27-->[me.leolin:ShortcutBadger:1.1.22] AndroidManifest.xml:23:22-78
28    <uses-permission android:name="com.htc.launcher.permission.UPDATE_SHORTCUT" /> <!-- for sony -->
28-->[me.leolin:ShortcutBadger:1.1.22] AndroidManifest.xml:24:5-83
28-->[me.leolin:ShortcutBadger:1.1.22] AndroidManifest.xml:24:22-80
29    <uses-permission android:name="com.sonyericsson.home.permission.BROADCAST_BADGE" />
29-->[me.leolin:ShortcutBadger:1.1.22] AndroidManifest.xml:27:5-88
29-->[me.leolin:ShortcutBadger:1.1.22] AndroidManifest.xml:27:22-85
30    <uses-permission android:name="com.sonymobile.home.permission.PROVIDER_INSERT_BADGE" /> <!-- for apex -->
30-->[me.leolin:ShortcutBadger:1.1.22] AndroidManifest.xml:28:5-92
30-->[me.leolin:ShortcutBadger:1.1.22] AndroidManifest.xml:28:22-89
31    <uses-permission android:name="com.anddoes.launcher.permission.UPDATE_COUNT" /> <!-- for solid -->
31-->[me.leolin:ShortcutBadger:1.1.22] AndroidManifest.xml:31:5-84
31-->[me.leolin:ShortcutBadger:1.1.22] AndroidManifest.xml:31:22-81
32    <uses-permission android:name="com.majeur.launcher.permission.UPDATE_BADGE" /> <!-- for huawei -->
32-->[me.leolin:ShortcutBadger:1.1.22] AndroidManifest.xml:34:5-83
32-->[me.leolin:ShortcutBadger:1.1.22] AndroidManifest.xml:34:22-80
33    <uses-permission android:name="com.huawei.android.launcher.permission.CHANGE_BADGE" />
33-->[me.leolin:ShortcutBadger:1.1.22] AndroidManifest.xml:37:5-91
33-->[me.leolin:ShortcutBadger:1.1.22] AndroidManifest.xml:37:22-88
34    <uses-permission android:name="com.huawei.android.launcher.permission.READ_SETTINGS" />
34-->[me.leolin:ShortcutBadger:1.1.22] AndroidManifest.xml:38:5-92
34-->[me.leolin:ShortcutBadger:1.1.22] AndroidManifest.xml:38:22-89
35    <uses-permission android:name="com.huawei.android.launcher.permission.WRITE_SETTINGS" /> <!-- for ZUK -->
35-->[me.leolin:ShortcutBadger:1.1.22] AndroidManifest.xml:39:5-93
35-->[me.leolin:ShortcutBadger:1.1.22] AndroidManifest.xml:39:22-90
36    <uses-permission android:name="android.permission.READ_APP_BADGE" /> <!-- for OPPO -->
36-->[me.leolin:ShortcutBadger:1.1.22] AndroidManifest.xml:42:5-73
36-->[me.leolin:ShortcutBadger:1.1.22] AndroidManifest.xml:42:22-70
37    <uses-permission android:name="com.oppo.launcher.permission.READ_SETTINGS" />
37-->[me.leolin:ShortcutBadger:1.1.22] AndroidManifest.xml:45:5-82
37-->[me.leolin:ShortcutBadger:1.1.22] AndroidManifest.xml:45:22-79
38    <uses-permission android:name="com.oppo.launcher.permission.WRITE_SETTINGS" /> <!-- for EvMe -->
38-->[me.leolin:ShortcutBadger:1.1.22] AndroidManifest.xml:46:5-83
38-->[me.leolin:ShortcutBadger:1.1.22] AndroidManifest.xml:46:22-80
39    <uses-permission android:name="me.everything.badger.permission.BADGE_COUNT_READ" />
39-->[me.leolin:ShortcutBadger:1.1.22] AndroidManifest.xml:49:5-88
39-->[me.leolin:ShortcutBadger:1.1.22] AndroidManifest.xml:49:22-85
40    <uses-permission android:name="me.everything.badger.permission.BADGE_COUNT_WRITE" />
40-->[me.leolin:ShortcutBadger:1.1.22] AndroidManifest.xml:50:5-89
40-->[me.leolin:ShortcutBadger:1.1.22] AndroidManifest.xml:50:22-86
41
42    <application
42-->src\main\AndroidManifest.xml:12:5-56:19
43        android:name="com.ecommerce.MainApplication"
43-->src\main\AndroidManifest.xml:13:7-38
44        android:allowBackup="false"
44-->src\main\AndroidManifest.xml:17:7-34
45        android:appComponentFactory="androidx.core.app.CoreComponentFactory"
45-->[androidx.core:core:1.1.0] AndroidManifest.xml:24:18-86
46        android:debuggable="true"
47        android:icon="@mipmap/ic_launcher"
47-->src\main\AndroidManifest.xml:15:7-41
48        android:label="@string/app_name"
48-->src\main\AndroidManifest.xml:14:7-39
49        android:roundIcon="@mipmap/ic_launcher_round"
49-->src\main\AndroidManifest.xml:16:7-52
50        android:theme="@style/AppTheme"
50-->src\main\AndroidManifest.xml:18:7-38
51        android:usesCleartextTraffic="true" >
51-->src\debug\AndroidManifest.xml:8:9-44
52        <activity android:name="com.facebook.react.devsupport.DevSettingsActivity" />
52-->src\debug\AndroidManifest.xml:11:9-86
52-->src\debug\AndroidManifest.xml:11:19-83
53        <activity
53-->src\main\AndroidManifest.xml:19:7-29:18
54            android:name="com.ecommerce.MainActivity"
54-->src\main\AndroidManifest.xml:20:9-37
55            android:configChanges="keyboard|keyboardHidden|orientation|screenSize|uiMode"
55-->src\main\AndroidManifest.xml:22:9-86
56            android:label="@string/app_name"
56-->src\main\AndroidManifest.xml:21:9-41
57            android:launchMode="singleTask"
57-->src\main\AndroidManifest.xml:23:9-40
58            android:windowSoftInputMode="adjustResize" >
58-->src\main\AndroidManifest.xml:24:9-51
59            <intent-filter>
59-->src\main\AndroidManifest.xml:25:9-28:25
60                <action android:name="android.intent.action.MAIN" />
60-->src\main\AndroidManifest.xml:26:13-65
60-->src\main\AndroidManifest.xml:26:21-62
61
62                <category android:name="android.intent.category.LAUNCHER" />
62-->src\main\AndroidManifest.xml:27:13-73
62-->src\main\AndroidManifest.xml:27:23-70
63            </intent-filter>
64        </activity>
65
66        <receiver android:name="com.dieam.reactnativepushnotification.modules.RNPushNotificationActions" />
66-->src\main\AndroidManifest.xml:34:10-109
66-->src\main\AndroidManifest.xml:34:20-106
67        <receiver android:name="com.dieam.reactnativepushnotification.modules.RNPushNotificationPublisher" />
67-->src\main\AndroidManifest.xml:35:7-108
67-->src\main\AndroidManifest.xml:35:17-105
68        <receiver android:name="com.dieam.reactnativepushnotification.modules.RNPushNotificationBootEventReceiver" >
68-->src\main\AndroidManifest.xml:36:7-42:18
68-->src\main\AndroidManifest.xml:36:17-113
69            <intent-filter>
69-->src\main\AndroidManifest.xml:37:11-41:27
70                <action android:name="android.intent.action.BOOT_COMPLETED" />
70-->src\main\AndroidManifest.xml:38:15-77
70-->src\main\AndroidManifest.xml:38:23-74
71                <action android:name="android.intent.action.QUICKBOOT_POWERON" />
71-->src\main\AndroidManifest.xml:39:15-80
71-->src\main\AndroidManifest.xml:39:23-77
72                <action android:name="com.htc.intent.action.QUICKBOOT_POWERON" />
72-->src\main\AndroidManifest.xml:40:15-79
72-->src\main\AndroidManifest.xml:40:23-77
73            </intent-filter>
74        </receiver>
75
76        <service
76-->src\main\AndroidManifest.xml:44:7-50:17
77            android:name="com.dieam.reactnativepushnotification.modules.RNPushNotificationListenerService"
77-->src\main\AndroidManifest.xml:45:11-105
78            android:exported="false" >
78-->src\main\AndroidManifest.xml:46:11-35
79            <intent-filter>
79-->src\main\AndroidManifest.xml:47:11-49:27
80                <action android:name="com.google.firebase.MESSAGING_EVENT" />
80-->src\main\AndroidManifest.xml:48:15-76
80-->src\main\AndroidManifest.xml:48:23-73
81            </intent-filter>
82        </service>
83
84        <meta-data
84-->src\main\AndroidManifest.xml:52:7-53:42
85            android:name="com.dieam.reactnativepushnotification.notification_foreground"
85-->src\main\AndroidManifest.xml:52:19-95
86            android:value="false" />
86-->src\main\AndroidManifest.xml:53:19-40
87        <meta-data
87-->src\main\AndroidManifest.xml:54:7-55:60
88            android:name="com.dieam.reactnativepushnotification.notification_color"
88-->src\main\AndroidManifest.xml:54:19-90
89            android:resource="@android:color/white" />
89-->src\main\AndroidManifest.xml:55:19-58
90
91        <service
91-->[:react-native-music-control] AndroidManifest.xml:12:9-14:43
92            android:name="com.tanguyantoine.react.MusicControlNotification$NotificationService"
92-->[:react-native-music-control] AndroidManifest.xml:13:13-96
93            android:stopWithTask="true" />
93-->[:react-native-music-control] AndroidManifest.xml:14:13-40
94
95        <receiver
95-->[com.google.firebase:firebase-messaging:21.1.0] AndroidManifest.xml:28:9-35:20
96            android:name="com.google.firebase.iid.FirebaseInstanceIdReceiver"
96-->[com.google.firebase:firebase-messaging:21.1.0] AndroidManifest.xml:29:13-78
97            android:exported="true"
97-->[com.google.firebase:firebase-messaging:21.1.0] AndroidManifest.xml:30:13-36
98            android:permission="com.google.android.c2dm.permission.SEND" >
98-->[com.google.firebase:firebase-messaging:21.1.0] AndroidManifest.xml:31:13-73
99            <intent-filter>
99-->[com.google.firebase:firebase-messaging:21.1.0] AndroidManifest.xml:32:13-34:29
100                <action android:name="com.google.android.c2dm.intent.RECEIVE" />
100-->[com.google.firebase:firebase-messaging:21.1.0] AndroidManifest.xml:33:17-81
100-->[com.google.firebase:firebase-messaging:21.1.0] AndroidManifest.xml:33:25-78
101            </intent-filter>
102        </receiver>
103        <!--
104             FirebaseMessagingService performs security checks at runtime,
105             but set to not exported to explicitly avoid allowing another app to call it.
106        -->
107        <service
107-->[com.google.firebase:firebase-messaging:21.1.0] AndroidManifest.xml:41:9-48:19
108            android:name="com.google.firebase.messaging.FirebaseMessagingService"
108-->[com.google.firebase:firebase-messaging:21.1.0] AndroidManifest.xml:42:13-82
109            android:directBootAware="true"
109-->[com.google.firebase:firebase-messaging:21.1.0] AndroidManifest.xml:43:13-43
110            android:exported="false" >
110-->[com.google.firebase:firebase-messaging:21.1.0] AndroidManifest.xml:44:13-37
111            <intent-filter android:priority="-500" >
111-->src\main\AndroidManifest.xml:47:11-49:27
112                <action android:name="com.google.firebase.MESSAGING_EVENT" />
112-->src\main\AndroidManifest.xml:48:15-76
112-->src\main\AndroidManifest.xml:48:23-73
113            </intent-filter>
114        </service>
115        <service
115-->[com.google.firebase:firebase-messaging:21.1.0] AndroidManifest.xml:49:9-55:19
116            android:name="com.google.firebase.components.ComponentDiscoveryService"
116-->[com.google.firebase:firebase-messaging:21.1.0] AndroidManifest.xml:50:13-84
117            android:directBootAware="true"
117-->[com.google.firebase:firebase-common:19.5.0] AndroidManifest.xml:35:13-43
118            android:exported="false" >
118-->[com.google.firebase:firebase-messaging:21.1.0] AndroidManifest.xml:51:13-37
119            <meta-data
119-->[com.google.firebase:firebase-messaging:21.1.0] AndroidManifest.xml:52:13-54:85
120                android:name="com.google.firebase.components:com.google.firebase.messaging.FirebaseMessagingRegistrar"
120-->[com.google.firebase:firebase-messaging:21.1.0] AndroidManifest.xml:53:17-119
121                android:value="com.google.firebase.components.ComponentRegistrar" />
121-->[com.google.firebase:firebase-messaging:21.1.0] AndroidManifest.xml:54:17-82
122            <meta-data
122-->[com.google.firebase:firebase-datatransport:17.0.10] AndroidManifest.xml:28:13-30:85
123                android:name="com.google.firebase.components:com.google.firebase.datatransport.TransportRegistrar"
123-->[com.google.firebase:firebase-datatransport:17.0.10] AndroidManifest.xml:29:17-115
124                android:value="com.google.firebase.components.ComponentRegistrar" />
124-->[com.google.firebase:firebase-datatransport:17.0.10] AndroidManifest.xml:30:17-82
125            <meta-data
125-->[com.google.android.gms:play-services-measurement-api:17.3.0] AndroidManifest.xml:30:13-32:85
126                android:name="com.google.firebase.components:com.google.firebase.analytics.connector.internal.AnalyticsConnectorRegistrar"
126-->[com.google.android.gms:play-services-measurement-api:17.3.0] AndroidManifest.xml:31:17-139
127                android:value="com.google.firebase.components.ComponentRegistrar" />
127-->[com.google.android.gms:play-services-measurement-api:17.3.0] AndroidManifest.xml:32:17-82
128            <meta-data
128-->[com.google.firebase:firebase-iid:21.1.0] AndroidManifest.xml:32:13-34:85
129                android:name="com.google.firebase.components:com.google.firebase.iid.Registrar"
129-->[com.google.firebase:firebase-iid:21.1.0] AndroidManifest.xml:33:17-96
130                android:value="com.google.firebase.components.ComponentRegistrar" />
130-->[com.google.firebase:firebase-iid:21.1.0] AndroidManifest.xml:34:17-82
131            <meta-data
131-->[com.google.firebase:firebase-installations:16.3.5] AndroidManifest.xml:18:13-20:85
132                android:name="com.google.firebase.components:com.google.firebase.installations.FirebaseInstallationsRegistrar"
132-->[com.google.firebase:firebase-installations:16.3.5] AndroidManifest.xml:19:17-127
133                android:value="com.google.firebase.components.ComponentRegistrar" />
133-->[com.google.firebase:firebase-installations:16.3.5] AndroidManifest.xml:20:17-82
134            <!--
135                This registrar is not defined in the dynamic-module-support sdk itself to allow non-firebase
136                clients to use it as well, by defining this registrar in their own core/common library.
137            -->
138            <meta-data
138-->[com.google.firebase:firebase-common:19.5.0] AndroidManifest.xml:43:13-45:85
139                android:name="com.google.firebase.components:com.google.firebase.dynamicloading.DynamicLoadingRegistrar"
139-->[com.google.firebase:firebase-common:19.5.0] AndroidManifest.xml:44:17-121
140                android:value="com.google.firebase.components.ComponentRegistrar" />
140-->[com.google.firebase:firebase-common:19.5.0] AndroidManifest.xml:45:17-82
141        </service>
142        <service
142-->[com.google.android.datatransport:transport-backend-cct:2.3.3] AndroidManifest.xml:29:9-35:19
143            android:name="com.google.android.datatransport.runtime.backends.TransportBackendDiscovery"
143-->[com.google.android.datatransport:transport-backend-cct:2.3.3] AndroidManifest.xml:30:13-103
144            android:exported="false" >
144-->[com.google.android.datatransport:transport-backend-cct:2.3.3] AndroidManifest.xml:31:13-37
145            <meta-data
145-->[com.google.android.datatransport:transport-backend-cct:2.3.3] AndroidManifest.xml:32:13-34:39
146                android:name="backend:com.google.android.datatransport.cct.CctBackendFactory"
146-->[com.google.android.datatransport:transport-backend-cct:2.3.3] AndroidManifest.xml:33:17-94
147                android:value="cct" />
147-->[com.google.android.datatransport:transport-backend-cct:2.3.3] AndroidManifest.xml:34:17-36
148        </service>
149        <service
149-->[com.google.android.datatransport:transport-runtime:2.2.5] AndroidManifest.xml:26:9-30:19
150            android:name="com.google.android.datatransport.runtime.scheduling.jobscheduling.JobInfoSchedulerService"
150-->[com.google.android.datatransport:transport-runtime:2.2.5] AndroidManifest.xml:27:13-117
151            android:exported="false"
151-->[com.google.android.datatransport:transport-runtime:2.2.5] AndroidManifest.xml:28:13-37
152            android:permission="android.permission.BIND_JOB_SERVICE" >
152-->[com.google.android.datatransport:transport-runtime:2.2.5] AndroidManifest.xml:29:13-69
153        </service>
154
155        <receiver
155-->[com.google.android.datatransport:transport-runtime:2.2.5] AndroidManifest.xml:32:9-34:40
156            android:name="com.google.android.datatransport.runtime.scheduling.jobscheduling.AlarmManagerSchedulerBroadcastReceiver"
156-->[com.google.android.datatransport:transport-runtime:2.2.5] AndroidManifest.xml:33:13-132
157            android:exported="false" />
157-->[com.google.android.datatransport:transport-runtime:2.2.5] AndroidManifest.xml:34:13-37
158
159        <meta-data
159-->[com.github.bumptech.glide:okhttp3-integration:4.11.0] AndroidManifest.xml:11:9-13:43
160            android:name="com.bumptech.glide.integration.okhttp3.OkHttpGlideModule"
160-->[com.github.bumptech.glide:okhttp3-integration:4.11.0] AndroidManifest.xml:12:13-84
161            android:value="GlideModule" />
161-->[com.github.bumptech.glide:okhttp3-integration:4.11.0] AndroidManifest.xml:13:13-40
162
163        <receiver
163-->[com.google.android.gms:play-services-measurement:17.3.0] AndroidManifest.xml:29:9-33:20
164            android:name="com.google.android.gms.measurement.AppMeasurementReceiver"
164-->[com.google.android.gms:play-services-measurement:17.3.0] AndroidManifest.xml:30:13-85
165            android:enabled="true"
165-->[com.google.android.gms:play-services-measurement:17.3.0] AndroidManifest.xml:31:13-35
166            android:exported="false" >
166-->[com.google.android.gms:play-services-measurement:17.3.0] AndroidManifest.xml:32:13-37
167        </receiver>
168        <receiver
168-->[com.google.android.gms:play-services-measurement:17.3.0] AndroidManifest.xml:34:9-42:20
169            android:name="com.google.android.gms.measurement.AppMeasurementInstallReferrerReceiver"
169-->[com.google.android.gms:play-services-measurement:17.3.0] AndroidManifest.xml:35:13-100
170            android:enabled="true"
170-->[com.google.android.gms:play-services-measurement:17.3.0] AndroidManifest.xml:36:13-35
171            android:exported="true"
171-->[com.google.android.gms:play-services-measurement:17.3.0] AndroidManifest.xml:37:13-36
172            android:permission="android.permission.INSTALL_PACKAGES" >
172-->[com.google.android.gms:play-services-measurement:17.3.0] AndroidManifest.xml:38:13-69
173            <intent-filter>
173-->[com.google.android.gms:play-services-measurement:17.3.0] AndroidManifest.xml:39:13-41:29
174                <action android:name="com.android.vending.INSTALL_REFERRER" />
174-->[com.google.android.gms:play-services-measurement:17.3.0] AndroidManifest.xml:40:17-79
174-->[com.google.android.gms:play-services-measurement:17.3.0] AndroidManifest.xml:40:25-76
175            </intent-filter>
176        </receiver>
177
178        <service
178-->[com.google.android.gms:play-services-measurement:17.3.0] AndroidManifest.xml:44:9-47:40
179            android:name="com.google.android.gms.measurement.AppMeasurementService"
179-->[com.google.android.gms:play-services-measurement:17.3.0] AndroidManifest.xml:45:13-84
180            android:enabled="true"
180-->[com.google.android.gms:play-services-measurement:17.3.0] AndroidManifest.xml:46:13-35
181            android:exported="false" />
181-->[com.google.android.gms:play-services-measurement:17.3.0] AndroidManifest.xml:47:13-37
182        <service
182-->[com.google.android.gms:play-services-measurement:17.3.0] AndroidManifest.xml:48:9-52:72
183            android:name="com.google.android.gms.measurement.AppMeasurementJobService"
183-->[com.google.android.gms:play-services-measurement:17.3.0] AndroidManifest.xml:49:13-87
184            android:enabled="true"
184-->[com.google.android.gms:play-services-measurement:17.3.0] AndroidManifest.xml:50:13-35
185            android:exported="false"
185-->[com.google.android.gms:play-services-measurement:17.3.0] AndroidManifest.xml:51:13-37
186            android:permission="android.permission.BIND_JOB_SERVICE" />
186-->[com.google.android.gms:play-services-measurement:17.3.0] AndroidManifest.xml:52:13-69
187
188        <provider
188-->[com.google.firebase:firebase-common:19.5.0] AndroidManifest.xml:26:9-31:39
189            android:name="com.google.firebase.provider.FirebaseInitProvider"
189-->[com.google.firebase:firebase-common:19.5.0] AndroidManifest.xml:27:13-77
190            android:authorities="com.ecommerce.firebaseinitprovider"
190-->[com.google.firebase:firebase-common:19.5.0] AndroidManifest.xml:28:13-72
191            android:directBootAware="true"
191-->[com.google.firebase:firebase-common:19.5.0] AndroidManifest.xml:29:13-43
192            android:exported="false"
192-->[com.google.firebase:firebase-common:19.5.0] AndroidManifest.xml:30:13-37
193            android:initOrder="100" />
193-->[com.google.firebase:firebase-common:19.5.0] AndroidManifest.xml:31:13-36
194
195        <meta-data
195-->[com.google.android.gms:play-services-basement:17.0.0] AndroidManifest.xml:23:9-25:69
196            android:name="com.google.android.gms.version"
196-->[com.google.android.gms:play-services-basement:17.0.0] AndroidManifest.xml:24:13-58
197            android:value="@integer/google_play_services_version" />
197-->[com.google.android.gms:play-services-basement:17.0.0] AndroidManifest.xml:25:13-66
198    </application>
199
200</manifest>